[debug] [2026-03-30T16:53:33.904Z] ----------------------------------------------------------------------
[debug] [2026-03-30T16:53:33.906Z] Command:       C:\Program Files\nodejs\node.exe C:\Users\abhis\AppData\Roaming\npm\node_modules\firebase-tools\lib\bin\firebase.js init
[debug] [2026-03-30T16:53:33.907Z] CLI Version:   15.12.0
[debug] [2026-03-30T16:53:33.907Z] Platform:      win32
[debug] [2026-03-30T16:53:33.907Z] Node Version:  v22.16.0
[debug] [2026-03-30T16:53:33.907Z] Time:          Mon Mar 30 2026 22:23:33 GMT+0530 (India Standard Time)
[debug] [2026-03-30T16:53:33.907Z] ----------------------------------------------------------------------
[debug] 
[info] 
     ######## #### ########  ######## ########     ###     ######  ########
     ##        ##  ##     ## ##       ##     ##  ##   ##  ##       ##
     ######    ##  ########  ######   ########  #########  ######  ######
     ##        ##  ##    ##  ##       ##     ## ##     ##       ## ##
     ##       #### ##     ## ######## ########  ##     ##  ######  ########

You're about to initialize a Firebase project in this directory:

  C:\Users\abhis\OneDrive\Desktop\SWAI

[debug] [2026-03-30T16:54:54.088Z] ExitPromptError: User force closed the prompt with SIGINT
    at Interface.sigint (C:\Users\abhis\AppData\Roaming\npm\node_modules\firebase-tools\node_modules\@inquirer\core\dist\commonjs\lib\create-prompt.js:101:37)
    at Interface.emit (node:events:518:28)
    at [_ttyWrite] [as _ttyWrite] (node:internal/readline/interface:1128:18)
    at ReadStream.onkeypress (node:internal/readline/interface:267:20)
    at ReadStream.emit (node:events:530:35)
    at emitKeys (node:internal/readline/utils:370:14)
    at emitKeys.next (<anonymous>)
    at ReadStream.onData (node:internal/readline/emitKeypressEvents:64:36)
    at ReadStream.emit (node:events:518:28)
    at addChunk (node:internal/streams/readable:561:12)
[error] 
[error] Error: An unexpected error has occurred.
